In file included from ../ext/bson.h:17,
                 from ../ext/bson.cc:35:
../ext/nan.h: In function ‘v8::Handle<v8::Value> NanError(const char*)’:
../ext/nan.h:339: error: ‘New’ is not a member of ‘v8::String’
../ext/nan.h: In function ‘void NanThrowError(const char*)’:
../ext/nan.h:343: error: ‘ThrowException’ is not a member of ‘v8’
../ext/nan.h:343: error: ‘New’ is not a member of ‘v8::String’
../ext/nan.h: In function ‘void NanThrowError(v8::Handle<v8::Value>)’:
../ext/nan.h:348: error: ‘ThrowException’ is not a member of ‘v8’
../ext/nan.h: In function ‘v8::Handle<v8::Value> NanError(const char*, int)’:
../ext/nan.h:355: error: ‘New’ is not a member of ‘v8::String’
../ext/nan.h:357: error: ‘New’ is not a member of ‘v8::String’
../ext/nan.h:357: error: no matching function for call to ‘v8::Integer::New(const int&)’
/root/.node-gyp/0.12.7/deps/v8/include/v8.h:2012: note: candidates are: static v8::Local<v8::Integer> v8::Integer::New(v8::Isolate*, int32_t)
../ext/nan.h: In function ‘v8::Handle<v8::Value> NanTypeError(const char*)’:
../ext/nan.h:369: error: ‘New’ is not a member of ‘v8::String’
../ext/nan.h: In function ‘void NanThrowTypeError(const char*)’:
../ext/nan.h:373: error: ‘ThrowException’ is not a member of ‘v8’
../ext/nan.h:373: error: ‘New’ is not a member of ‘v8::String’
../ext/nan.h: In function ‘v8::Handle<v8::Value> NanRangeError(const char*)’:
../ext/nan.h:377: error: ‘New’ is not a member of ‘v8::String’
../ext/nan.h: In function ‘void NanThrowRangeError(const char*)’:
../ext/nan.h:381: error: ‘ThrowException’ is not a member of ‘v8’
../ext/nan.h:381: error: ‘New’ is not a member of ‘v8::String’
../ext/nan.h: In constructor ‘NanCallback::NanCallback()’:
../ext/nan.h:727: error: no matching function for call to ‘v8::Object::New()’
/root/.node-gyp/0.12.7/deps/v8/include/v8.h:2388: note: candidates are: static v8::Local<v8::Object> v8::Object::New(v8::Isolate*)
../ext/nan.h: In constructor ‘NanCallback::NanCallback(const v8::Handle<v8::Function>&)’:
../ext/nan.h:733: error: no matching function for call to ‘v8::Object::New()’
/root/.node-gyp/0.12.7/deps/v8/include/v8.h:2388: note: candidates are: static v8::Local<v8::Object> v8::Object::New(v8::Isolate*)
../ext/nan.h: In destructor ‘NanCallback::~NanCallback()’:
../ext/nan.h:740: error: ‘class v8::Persistent<v8::Object, v8::NonCopyablePersistentTraits<v8::Object> >’ has no member named ‘Dispose’
../ext/nan.h:741: error: ‘class v8::Persistent<v8::Object, v8::NonCopyablePersistentTraits<v8::Object> >’ has no member named ‘Clear’
../ext/nan.h: In member function ‘void NanCallback::SetFunction(const v8::Handle<v8::Function>&)’:
../ext/nan.h:746: error: ‘NewSymbol’ is not a member of ‘v8::String’
../ext/nan.h: In member function ‘v8::Local<v8::Function> NanCallback::GetFunction()’:
../ext/nan.h:750: error: ‘NewSymbol’ is not a member of ‘v8::String’
../ext/nan.h:751: error: expected primary-expression before ‘>’ token
../ext/nan.h:751: error: expected primary-expression before ‘)’ token
../ext/nan.h: In member function ‘void NanCallback::Call(int, v8::Handle<v8::Value>*)’:
../ext/nan.h:759: error: ‘NewSymbol’ is not a member of ‘v8::String’
../ext/nan.h:759: error: expected primary-expression before ‘>’ token
../ext/nan.h:759: error: expected primary-expression before ‘)’ token
../ext/nan.h:761: error: ‘GetCurrent’ is not a member of ‘v8::Context’
../ext/nan.h: In member function ‘void NanAsyncWorker::SavePersistent(const char*, v8::Local<v8::Object>&)’:
../ext/nan.h:808: error: ‘NewSymbol’ is not a member of ‘v8::String’
../ext/nan.h: In member function ‘v8::Local<v8::Object> NanAsyncWorker::GetFromPersistent(const char*)’:
../ext/nan.h:815: error: ‘NewSymbol’ is not a member of ‘v8::String’
../ext/nan.h:815: error: expected primary-expression before ‘>’ token
../ext/nan.h:815: error: expected primary-expression before ‘)’ token
../ext/nan.h: In member function ‘virtual void NanAsyncWorker::HandleErrorCallback()’:
../ext/nan.h:837: error: ‘New’ is not a member of ‘v8::String’
/root/.node-gyp/0.12.7/deps/v8/include/v8.h: In member function ‘v8::Handle<v8::Value> BSONDeserializer::ReadCString()’:
/root/.node-gyp/0.12.7/deps/v8/include/v8.h:6604: error: too few arguments to function ‘v8::Handle<v8::Primitive> v8::Null(v8::Isolate*)’
../ext/bson.cc:362: error: at this point in file
../ext/bson.cc:364: error: ‘New’ is not a member of ‘v8::String’
../ext/bson.cc: In member function ‘v8::Local<v8::String> BSONDeserializer::ReadString()’:
../ext/bson.cc:399: error: ‘New’ is not a member of ‘v8::String’
../ext/bson.cc: In member function ‘v8::Local<v8::String> BSONDeserializer::ReadObjectId()’:
../ext/bson.cc:409: error: ‘New’ is not a member of ‘v8::String’
../ext/bson.cc: In member function ‘v8::Handle<v8::Value> BSONDeserializer::DeserializeDocumentInternal(bool)’:
../ext/bson.cc:423: error: no matching function for call to ‘v8::Object::New()’
/root/.node-gyp/0.12.7/deps/v8/include/v8.h:2388: note: candidates are: static v8::Local<v8::Object> v8::Object::New(v8::Isolate*)
../ext/bson.cc: In member function ‘v8::Handle<v8::Value> BSONDeserializer::DeserializeArrayInternal(bool)’:
../ext/bson.cc:460: error: no matching function for call to ‘v8::Array::New()’
/root/.node-gyp/0.12.7/deps/v8/include/v8.h:2417: note: candidates are: static v8::Local<v8::Array> v8::Array::New(v8::Isolate*, int)
../ext/bson.cc: In member function ‘v8::Handle<v8::Value> BSONDeserializer::DeserializeValue(BsonType, bool)’:
../ext/bson.cc:482: error: no matching function for call to ‘v8::Integer::New(int32_t)’
/root/.node-gyp/0.12.7/deps/v8/include/v8.h:2012: note: candidates are: static v8::Local<v8::Integer> v8::Integer::New(v8::Isolate*, int32_t)
../ext/bson.cc:485: error: no matching function for call to ‘v8::Number::New(double)’
/root/.node-gyp/0.12.7/deps/v8/include/v8.h:1999: note: candidates are: static v8::Local<v8::Number> v8::Number::New(v8::Isolate*, double)
/root/.node-gyp/0.12.7/deps/v8/include/v8.h:6604: error: too few arguments to function ‘v8::Handle<v8::Primitive> v8::Null(v8::Isolate*)’
../ext/bson.cc:488: error: at this point in file
/root/.node-gyp/0.12.7/deps/v8/include/v8.h:6595: error: too few arguments to function ‘v8::Handle<v8::Primitive> v8::Undefined(v8::Isolate*)’
../ext/bson.cc:491: error: at this point in file
../ext/bson.cc:497: error: no matching function for call to ‘v8::Integer::New(int32_t&)’
/root/.node-gyp/0.12.7/deps/v8/include/v8.h:2012: note: candidates are: static v8::Local<v8::Integer> v8::Integer::New(v8::Isolate*, int32_t)
../ext/bson.cc:497: error: no matching function for call to ‘v8::Integer::New(int32_t&)’
/root/.node-gyp/0.12.7/deps/v8/include/v8.h:2012: note: candidates are: static v8::Local<v8::Integer> v8::Integer::New(v8::Isolate*, int32_t)
/root/.node-gyp/0.12.7/deps/v8/include/v8.h:6613: error: too few arguments to function ‘v8::Handle<v8::Boolean> v8::True(v8::Isolate*)’
../ext/bson.cc:502: error: at this point in file
/root/.node-gyp/0.12.7/deps/v8/include/v8.h:6622: error: too few arguments to function ‘v8::Handle<v8::Boolean> v8::False(v8::Isolate*)’
../ext/bson.cc:502: error: at this point in file
../ext/bson.cc:515: error: no matching function for call to ‘v8::Object::New()’
/root/.node-gyp/0.12.7/deps/v8/include/v8.h:2388: note: candidates are: static v8::Local<v8::Object> v8::Object::New(v8::Isolate*)
../ext/bson.cc:546: error: no matching function for call to ‘v8::Integer::New(uint32_t&)’
/root/.node-gyp/0.12.7/deps/v8/include/v8.h:2012: note: candidates are: static v8::Local<v8::Integer> v8::Integer::New(v8::Isolate*, int32_t)
../ext/bson.cc:564: error: no matching function for call to ‘v8::Number::New(int64_t&)’
/root/.node-gyp/0.12.7/deps/v8/include/v8.h:1999: note: candidates are: static v8::Local<v8::Number> v8::Number::New(v8::Isolate*, double)
../ext/bson.cc:569: error: no matching function for call to ‘v8::Integer::New(int32_t&)’
/root/.node-gyp/0.12.7/deps/v8/include/v8.h:2012: note: candidates are: static v8::Local<v8::Integer> v8::Integer::New(v8::Isolate*, int32_t)
../ext/bson.cc:569: error: no matching function for call to ‘v8::Integer::New(int32_t&)’
/root/.node-gyp/0.12.7/deps/v8/include/v8.h:2012: note: candidates are: static v8::Local<v8::Integer> v8::Integer::New(v8::Isolate*, int32_t)
../ext/bson.cc:574: error: no matching function for call to ‘v8::Date::New(double)’
/root/.node-gyp/0.12.7/deps/v8/include/v8.h:3007: note: candidates are: static v8::Local<v8::Value> v8::Date::New(v8::Isolate*, double)
/root/.node-gyp/0.12.7/deps/v8/include/v8.h:6604: error: too few arguments to function ‘v8::Handle<v8::Primitive> v8::Null(v8::Isolate*)’
../ext/bson.cc:599: error: at this point in file
../ext/bson.cc: In constructor ‘BSON::BSON()’:
../ext/bson.cc:607: error: ‘New’ is not a member of ‘v8::String’
../ext/bson.cc:608: error: ‘New’ is not a member of ‘v8::String’
../ext/bson.cc:609: error: ‘New’ is not a member of ‘v8::String’
../ext/bson.cc:610: error: ‘New’ is not a member of ‘v8::String’
../ext/bson.cc:611: error: ‘New’ is not a member of ‘v8::String’
../ext/bson.cc:612: error: ‘New’ is not a member of ‘v8::String’
../ext/bson.cc:613: error: ‘New’ is not a member of ‘v8::String’
../ext/bson.cc:614: error: ‘New’ is not a member of ‘v8::String’
../ext/bson.cc:615: error: ‘New’ is not a member of ‘v8::String’
../ext/bson.cc:616: error: ‘New’ is not a member of ‘v8::String’
../ext/bson.cc:617: error: ‘New’ is not a member of ‘v8::String’
../ext/bson.cc:618: error: ‘New’ is not a member of ‘v8::String’
../ext/bson.cc:619: error: ‘New’ is not a member of ‘v8::String’
../ext/bson.cc:620: error: ‘New’ is not a member of ‘v8::String’
../ext/bson.cc:621: error: ‘New’ is not a member of ‘v8::String’
../ext/bson.cc:622: error: ‘New’ is not a member of ‘v8::String’
../ext/bson.cc:623: error: ‘New’ is not a member of ‘v8::String’
../ext/bson.cc:624: error: ‘New’ is not a member of ‘v8::String’
../ext/bson.cc:626: error: ‘New’ is not a member of ‘v8::String’
../ext/bson.cc:627: error: ‘New’ is not a member of ‘v8::String’
../ext/bson.cc:628: error: ‘New’ is not a member of ‘v8::String’
../ext/bson.cc:629: error: ‘New’ is not a member of ‘v8::String’
../ext/bson.cc:630: error: ‘New’ is not a member of ‘v8::String’
../ext/bson.cc:631: error: ‘New’ is not a member of ‘v8::String’
../ext/bson.cc:632: error: ‘New’ is not a member of ‘v8::String’
../ext/bson.cc:633: error: ‘New’ is not a member of ‘v8::String’
../ext/bson.cc:634: error: ‘New’ is not a member of ‘v8::String’
../ext/bson.cc:635: error: ‘New’ is not a member of ‘v8::String’
../ext/bson.cc: In static member function ‘static void BSON::Initialize(v8::Handle<v8::Object>)’:
../ext/bson.cc:643: error: no matching function for call to ‘v8::FunctionTemplate::New(void (&)(const v8::FunctionCallbackInfo<v8::Value>&))’
/root/.node-gyp/0.12.7/deps/v8/include/v8.h:3455: note: candidates are: static v8::Local<v8::FunctionTemplate> v8::FunctionTemplate::New(v8::Isolate*, void (*)(const v8::FunctionCallbackInfo<v8::Value>&), v8::Handle<v8::Value>, v8::Handle<v8::Signature>, int)
../ext/bson.cc:645: error: ‘NewSymbol’ is not a member of ‘v8::String’
../ext/bson.cc:656: error: ‘NewSymbol’ is not a member of ‘v8::String’
../ext/bson.cc: In static member function ‘static void BSON::BSONDeserialize(const v8::FunctionCallbackInfo<v8::Value>&)’:
../ext/bson.cc:757: error: ‘New’ is not a member of ‘v8::String’
../ext/bson.cc:758: error: ‘New’ is not a member of ‘v8::String’
../ext/bson.cc:791: error: ‘New’ is not a member of ‘v8::String’
../ext/bson.cc:820: error: ‘New’ is not a member of ‘v8::String’
../ext/bson.cc: In static member function ‘static void BSON::BSONSerialize(const v8::FunctionCallbackInfo<v8::Value>&)’:
../ext/bson.cc:887: error: ‘New’ is not a member of ‘v8::String’
../ext/bson.cc: In static member function ‘static void BSON::CalculateObjectSize(const v8::FunctionCallbackInfo<v8::Value>&)’:
../ext/bson.cc:922: error: no matching function for call to ‘v8::Integer::New(uint32_t)’
/root/.node-gyp/0.12.7/deps/v8/include/v8.h:2012: note: candidates are: static v8::Local<v8::Integer> v8::Integer::New(v8::Isolate*, int32_t)
../ext/bson.cc:922: error: return-statement with a value, in function returning 'void'
../ext/bson.cc: In static member function ‘static void BSON::SerializeWithBufferAndIndex(const v8::FunctionCallbackInfo<v8::Value>&)’:
../ext/bson.cc:958: error: ‘New’ is not a member of ‘v8::String’
../ext/bson.cc:963: error: no matching function for call to ‘v8::Integer::New(uint32_t)’
/root/.node-gyp/0.12.7/deps/v8/include/v8.h:2012: note: candidates are: static v8::Local<v8::Integer> v8::Integer::New(v8::Isolate*, int32_t)
../ext/bson.cc:963: error: return-statement with a value, in function returning 'void'
../ext/bson.cc: In static member function ‘static void BSON::BSONDeserializeStream(const v8::FunctionCallbackInfo<v8::Value>&)’:
../ext/bson.cc:998: error: ‘New’ is not a member of ‘v8::String’
../ext/bson.cc:999: error: ‘New’ is not a member of ‘v8::String’
../ext/bson.cc:1028: error: ‘New’ is not a member of ‘v8::String’
../ext/bson.cc:1035: error: no matching function for call to ‘v8::Integer::New(uint32_t)’
/root/.node-gyp/0.12.7/deps/v8/include/v8.h:2012: note: candidates are: static v8::Local<v8::Integer> v8::Integer::New(v8::Isolate*, int32_t)
../ext/bson.cc:1035: error: return-statement with a value, in function returning 'void'
In file included from ../ext/bson.h:17,
                 from ../ext/bson.cc:35:
../ext/nan.h: In function ‘void NanDisposePersistent(v8::Persistent<T, v8::NonCopyablePersistentTraits<T> >&) [with T = v8::Object]’:
../ext/nan.h:786:   instantiated from here
../ext/nan.h:394: error: ‘class v8::Persistent<v8::Object, v8::NonCopyablePersistentTraits<v8::Object> >’ has no member named ‘Clear’
make: *** [Release/obj.target/bson/ext/bson.o] Error 1
gyp ERR! build error 
gyp ERR! stack Error: `make` failed with exit code: 2
gyp ERR! stack     at ChildProcess.onExit (/usr/local/lib/node_modules/npm/node_modules/node-gyp/lib/build.js:269:23)
gyp ERR! stack     at ChildProcess.emit (events.js:110:17)
gyp ERR! stack     at Process.ChildProcess._handle.onexit (child_process.js:1074:12)
gyp ERR! System Linux 2.6.32-573.1.1.el6.x86_64
gyp ERR! command "node" "/usr/local/lib/node_modules/npm/node_modules/node-gyp/bin/node-gyp.js" "rebuild"
gyp ERR! cwd /home/ezy/node_modules/mongo-express/node_modules/mongodb/node_modules/bson
gyp ERR! node -v v0.12.7
gyp ERR! node-gyp -v v2.0.1
gyp ERR! not ok 
